<?xml version="1.0" encoding="UTF-8"?>
<!-- Generated by org.testng.reporters.JUnitXMLReporter -->
<testsuite hostname="LAPTOP-12QPG602" ignored="1" name="Default test(failed)(failed)" tests="2" failures="0" timestamp="30 Apr 2021 07:45:55 GMT" time="0.093" errors="0">
  <testcase name="testcase2" time="0.022" classname="testngpractise.TestClass"/>
  <testcase name="testcase3" time="0.002" classname="testngpractise.TestClass"/>
  <testcase name="testcase1" time="0.0" classname="testngpractise.TestClass">
    <ignored/>
  </testcase> <!-- testcase1 -->
</testsuite> <!-- Default test(failed)(failed) -->
