<?xml version="1.0" encoding="UTF-8"?>
<!-- Generated by org.testng.reporters.JUnitXMLReporter -->
<testsuite hostname="LAPTOP-12QPG602" ignored="2" name="Test(failed)" tests="1" failures="0" timestamp="30 Apr 2021 07:44:17 GMT" time="0.12" errors="0">
  <testcase name="testcase2" time="0.042" classname="testngpractise.TestClass"/>
  <testcase name="testcase1" time="0.0" classname="testngpractise.TestClass">
    <ignored/>
  </testcase> <!-- testcase1 -->
  <testcase name="testcase3" time="0.0" classname="testngpractise.TestClass">
    <ignored/>
  </testcase> <!-- testcase3 -->
</testsuite> <!-- Test(failed) -->
