<?xml version="1.0" encoding="UTF-8"?>
<!-- Generated by org.testng.reporters.JUnitReportReporter -->
<testsuite skipped="0" hostname="LAPTOP-12QPG602" name="testngpractise.ParallelExecutionClasses2" tests="2" failures="0" timestamp="03 May 2021 04:54:20 GMT" time="0.036" errors="0">
  <testcase name="testCase3" time="0.028" classname="testngpractise.ParallelExecutionClasses2"/>
  <testcase name="testCase4" time="0.008" classname="testngpractise.ParallelExecutionClasses2"/>
</testsuite> <!-- testngpractise.ParallelExecutionClasses2 -->
